<?xml version="1.0" ?>
<testsuite errors="2" failures="0" name="exampleTest-20171024071842" tests="2" time="0.000">
	<testcase classname="exampleTest" name="testMinusFail" time="0.000">
		<error message="global name 'example' is not defined" type="NameError">
<![CDATA[Traceback (most recent call last):
  File "tests/test1.py", line 15, in setUp
    self.exampleClass = example.Example()
NameError: global name 'example' is not defined
]]>		</error>
	</testcase>
	<testcase classname="exampleTest" name="testPlusSuccess" time="0.000">
		<error message="global name 'example' is not defined" type="NameError">
<![CDATA[Traceback (most recent call last):
  File "tests/test1.py", line 15, in setUp
    self.exampleClass = example.Example()
NameError: global name 'example' is not defined
]]>		</error>
	</testcase>
	<system-out>
<![CDATA[]]>	</system-out>
	<system-err>
<![CDATA[]]>	</system-err>
</testsuite>
